POST/api/register20013.371ms4-
POST/api/registerms-
POST/api/registerms-
POST/api/register200150.758ms18-
POST/api/registerms-
POST/api/register2005.748ms31-
POST/api/register20019.754ms23-
POST/api/register200147.906ms18-
POST/api/loginUserms-
POST/api/loginUserms-
POST/api/loginUser40420.331ms29-
POST/api/loginUser20099.701ms180-
POST/topUp4043.732ms145-
POST/api/topUp4003.792ms31-
POST/api/topUp4005.509ms15-
POST/api/topUp4000.618ms31-
POST/api/topUp4019.314ms13-
POST/api/loginUser20035.788ms180-
POST/api/topUp4012.834ms13-
POST/api/topUp40110.275ms13-
POST/api/topUpms-
POST/api/topUp40033.889ms20-
POST/api/topUp40012.379ms20-
POST/api/topUp40020.685ms20-
POST/api/topUpms-
POST/api/topUpms-
POST/api/loginUser20022.439ms181-
POST/api/topUpms-
POST/api/topUp119.062ms-
POST/api/topUpms-
POST/api/topUpms-
POST/api/topUp200167.663ms118-
POST/api/topUp200167.562ms118-
POST/api/topUp200148.539ms118-
POST/api/topUp200112.929ms118-
POST/api/topUp20073.189ms118-
POST/api/topUp20065.263ms118-
POST/api/topUp200109.625ms118-
POST/api/topUp20063.503ms118-
POST/api/topUp200192.173ms119-
POST/api/topUp164.013ms-
POST/api/topUp200134.497ms5-
POST/api/topUp200163.334ms5-
POST/api/topUp20038.853ms5-
POST/api/topUp20088.394ms5-
POST/api/topUp4005.922ms31-
POST/api/topUp200105.920ms5-
POST/api/getPremium4006.950ms25-
POST/api/getPremium4013.915ms15-
POST/api/getPremiumms-
POST/api/getPremiumms-
POST/api/getPremiumms-
POST/api/getPremiumms-
POST/api/getPremiumms-
POST/api/getPremiumms-
POST/api/getPremium40027.086ms20-
POST/api/getPremium4006.769ms20-
POST/api/getPremium40010.280ms20-
POST/api/getPremium4005.749ms20-
POST/api/getPremiumms-
POST/api/getPremium4004.063ms20-
POST/api/getPremiumms-
POST/api/getPremium40023.609ms22-
POST/api/topUp200117.260ms6-
POST/api/getPremium200128.594ms25-
POST/api/getPremium200188.293ms25-
POST/api/getPremium4004.534ms22-
POST/api/getPremium4002.727ms22-
POST/api/addSubscription4006.216ms25-
POST/api/addSubscriptionms-
POST/api/addSubscription4010.774ms15-
POST/api/addSubscription40029.790ms22-
POST/api/addSubscription200196.750ms28-
POST/api/addSubscription4009.880ms20-
POST/api/addSubscription200161.753ms28-
GET/api/searchBerita?query=4017.019ms15-
GET/api/searchBerita?query=4000.451ms35-
GET/api/searchBerita?query=coronams-
GET/api/searchBerita?query=coronams-
GET/api/searchBerita?query=coronams-
GET/api/searchBerita?query=corona200711.176ms17526-
GET/api/searchBerita?query=coronams-
GET/api/searchBerita?query=corona200697.587ms17526-
GET/api/getHeadnlineNews?category=technology&country=id5.744ms
GET/api/getHeadlineNews?category=technology&country=idms
GET/api/getHeadlineNews?category=technology&country=id3.888ms
GET/api/getHeadlineNews?category=technology&country=id1112.127ms
POST/api/register173.483ms
POST/api/loginUser58.659ms
GET/api/getHeadlineNews?category=technology&country=id7.566ms
