[0mPOST /api/addUser [0m-[0m - ms - -[0m
[0mPOST /api/addUser [32m200[0m 26.676 ms - 3[0m
[0mPOST /api/addUser [33m400[0m 40.877 ms - 52[0m
[0mPOST /api/addUser [0m-[0m - ms - -[0m
[0mPOST /api/addUser [32m200[0m 60.389 ms - 26[0m
[0mPOST /api/addUser [0m-[0m - ms - -[0m
[0mPOST /api/addUser [32m200[0m 67.284 ms - 26[0m
[0mPOST /api/addUser [32m200[0m 77.198 ms - 17[0m
[0mPOST /api/addUser [32m200[0m 124.048 ms - 23[0m
[0mPOST /api/addUser [32m200[0m 133.330 ms - 23[0m
[0mPOST /api/addUser [32m200[0m 140.184 ms - 23[0m
[0mPOST /api/addUser [32m200[0m 129.466 ms - 23[0m
[0mPOST /api/addUser [32m200[0m 147.759 ms - 22[0m
[0mPOST /api/addUser [32m200[0m 148.630 ms - 22[0m
[0mPOST /api/addUser [32m200[0m 82.336 ms - 22[0m
[0mPOST /api/topUp?key=1372104556&jumlah_topup=1000 [32m200[0m 191.743 ms - 30[0m
[0mPOST /api/topUp?key=1372104556&jumlah_topup=1000 [32m200[0m 126.874 ms - 34[0m
[0mPOST /api/topUp?key=1372104556&jumlah_topup=1000 [32m200[0m 176.280 ms - 38[0m
[0mPOST /api/topUp?key=1372104556&jumlah_topup=1000 [32m200[0m 39.632 ms - 24[0m
[0mPOST /api/topUp?key=1255710697&jumlah_topup=1000 [32m200[0m 118.262 ms - 30[0m
[0mPOST /api/topUp?key=1255710697&jumlah_topup=1000 [32m200[0m 172.724 ms - 30[0m
[0mPOST /api/topUp?key=1255710697&jumlah_topup=1000 [32m200[0m 63.220 ms - 30[0m
[0mPOST /api/topUp?key=1255710697&jumlah_topup=1000 [32m200[0m 57.388 ms - 30[0m
[0mPOST /api/topUp?key=1255710697&jumlah_topup=1000 [32m200[0m 70.052 ms - 30[0m
[0mPOST /api/topUp?key=1255710697&jumlah_topup=1000 [32m200[0m 155.868 ms - 30[0m
[0mPOST /api/topUp?key=1255710697&jumlah_topup=1000 [32m200[0m 146.415 ms - 30[0m
[0mPOST /api/topUp?key=1255710697&jumlah_topup=1000 [32m200[0m 77.575 ms - 30[0m
[0mPOST /api/addSong?key=1255710697 [32m200[0m 65.525 ms - 26[0m
[0mPOST /api/addSong?key=1372104556 [32m200[0m 143.794 ms - 63[0m
[0mPOST /api/addSong?key=1372104556 [32m200[0m 62.409 ms - 64[0m
[0mDELETE /api/song?key=137210455 [32m200[0m 35.610 ms - 20[0m
[0mDELETE /api/song?key=1372104556 [0m-[0m - ms - -[0m
[0mDELETE /api/song?key=1372104556 [0m-[0m - ms - -[0m
[0mDELETE /api/song?key=1372104556 [32m200[0m 45.926 ms - 30[0m
[0mDELETE /api/song?key=1372104556 [32m200[0m 47.224 ms - 30[0m
[0mDELETE /api/song?key=1372104556 [32m200[0m 44.317 ms - 30[0m
[0mDELETE /api/song?key=1372104556 [32m200[0m 59.609 ms - 30[0m
[0mDELETE /api/song?key=1372104556 [0m-[0m - ms - -[0m
